<?xml version="1.0" encoding="UTF-8"?>
<!-- Generated by org.testng.reporters.JUnitReportReporter -->
<testsuite skipped="0" hostname="LH7U0CNU408BXHV" name="Pages.HomePage_Test" tests="1" failures="0" timestamp="16 Feb 2018 21:00:18 GMT" time="80.404" errors="0">
  <testcase name="HomePageValidation" time="80.404" classname="Pages.HomePage_Test"/>
</testsuite> <!-- Pages.HomePage_Test -->
